<?xml version="1.0" encoding="UTF-8"?><testsuite errors="0" failures="1" name="registranos y realizar una compra en la web nopCommerce" skipped="0" tests="1" time="0.0" timestamp="2023-10-07 10:51:42"><testcase name="Iniciar sesion, agregar la direcciÃ³n y hacer una compra"><failure message="Error al abrir el navegador 'chrome'" type="java.lang.AssertionError">Error al abrir el navegador 'chrome'</failure><system-err>Error al abrir el navegador 'chrome'&#13;
com.bdd.page.Browser.Start(Browser.java:75)&#13;
com.bdd.page.opcommercePage.queSeNecesitaAbrirLaPaginaNopCommerceLoginEnElNavegador(opcommercePage.java:187)&#13;
com.bdd.step.opcommerceStep.queSeNecesitaAbrirLaPaginaNopCommerceLoginEnElNavegador(opcommerceStep.java:57)&#13;
com.bdd.stepdefinition.opcommerceStepDefinition.queSeNecesitaAbrirLaPaginaNopCommerceLoginEnElNavegador(opcommerceStepDefinition.java:67)&#13;
cucumber.runner.Runner.runPickle(Runner.java:80)&#13;
</system-err></testcase></testsuite>